<?xml version="1.0" encoding="UTF-8"?>
<testng-results skipped="0" failed="0" ignored="0" total="2" passed="2">
  <reporter-output>
  </reporter-output>
  <suite name="Default suite" duration-ms="18459" started-at="2019-11-15T12:25:42Z" finished-at="2019-11-15T12:26:00Z">
    <groups>
    </groups>
    <test name="Default test" duration-ms="18459" started-at="2019-11-15T12:25:42Z" finished-at="2019-11-15T12:26:00Z">
      <class name="tests.test">
        <test-method status="PASS" signature="setup()[pri:0, instance:tests.test@57baeedf]" name="setup" is-config="true" duration-ms="13838" started-at="2019-11-15T12:25:42Z" finished-at="2019-11-15T12:25:56Z">
          <reporter-output>
          </reporter-output>
        </test-method> <!-- setup -->
        <test-method status="PASS" signature="sampleTest()[pri:0, instance:tests.test@57baeedf]" name="sampleTest" duration-ms="3" started-at="2019-11-15T12:25:56Z" finished-at="2019-11-15T12:25:56Z">
          <reporter-output>
          </reporter-output>
        </test-method> <!-- sampleTest -->
        <test-method status="PASS" signature="testOne()[pri:0, instance:tests.test@57baeedf]" name="testOne" duration-ms="3988" started-at="2019-11-15T12:25:56Z" finished-at="2019-11-15T12:26:00Z">
          <reporter-output>
          </reporter-output>
        </test-method> <!-- testOne -->
        <test-method status="PASS" signature="teardown()[pri:0, instance:tests.test@57baeedf]" name="teardown" is-config="true" duration-ms="612" started-at="2019-11-15T12:26:00Z" finished-at="2019-11-15T12:26:00Z">
          <reporter-output>
          </reporter-output>
        </test-method> <!-- teardown -->
      </class> <!-- tests.test -->
    </test> <!-- Default test -->
  </suite> <!-- Default suite -->
</testng-results>
